<?xml version="1.0" encoding="UTF-8"?>
<testsuite name="agh.ics.oop.GrassFieldTest" tests="1" skipped="0" failures="0" errors="0" timestamp="2022-11-06T22:24:29" hostname="DESKTOP-EIU3P5L" time="0.018">
  <properties/>
  <testcase name="canMoveToTest()" classname="agh.ics.oop.GrassFieldTest" time="0.018"/>
  <system-out><![CDATA[]]></system-out>
  <system-err><![CDATA[]]></system-err>
</testsuite>
