<?xml version="1.0" encoding="UTF-8"?>
<testsuite name="agh.ics.oop.GrassFieldTest" tests="5" skipped="0" failures="0" errors="0" timestamp="2022-11-06T22:30:30" hostname="piacho" time="0.081">
  <properties/>
  <testcase name="objectAtTest()" classname="agh.ics.oop.GrassFieldTest" time="0.056"/>
  <testcase name="isOccupiedTest()" classname="agh.ics.oop.GrassFieldTest" time="0.003"/>
  <testcase name="spawnGrassTest()" classname="agh.ics.oop.GrassFieldTest" time="0.004"/>
  <testcase name="canMoveToTest()" classname="agh.ics.oop.GrassFieldTest" time="0.003"/>
  <testcase name="placeTest()" classname="agh.ics.oop.GrassFieldTest" time="0.003"/>
  <system-out><![CDATA[]]></system-out>
  <system-err><![CDATA[]]></system-err>
</testsuite>
