<?xml version="1.0" encoding="UTF-8"?>
<testsuite name="agh.ics.oop.AnimalIntegrationTest" tests="1" skipped="0" failures="0" errors="0" timestamp="2022-11-01T00:20:49" hostname="DESKTOP-EIU3P5L" time="0.021">
  <properties/>
  <testcase name="worldTest()" classname="agh.ics.oop.AnimalIntegrationTest" time="0.021"/>
  <system-out><![CDATA[ y\x  0 1 2 3 4 5 6 7 8 9
  5: ---------------------
  4: | | | |^| | | | | | |
  3: | | | | | | | | | | |
  2: | | | | | | | | | | |
  1: | | | | | | | | | | |
  0: | | |v| | | | | | | |
 -1: ---------------------

]]></system-out>
  <system-err><![CDATA[]]></system-err>
</testsuite>
